c:\users\skele\desktop\projects\sdl_opengl\sdl_opengl\x64\debug\vc143.pdb
c:\users\skele\desktop\projects\sdl_opengl\sdl_opengl\x64\debug\vc143.idb
c:\users\skele\desktop\projects\sdl_opengl\sdl_opengl\x64\debug\main.obj
c:\users\skele\desktop\projects\mis_unused\sdl_opengl\sdl_opengl\x64\debug\main.obj
c:\users\skele\desktop\projects\mis_unused\sdl_opengl\sdl_opengl\x64\debug\vc143.idb
c:\users\skele\desktop\projects\mis_unused\sdl_opengl\sdl_opengl\x64\debug\vc143.pdb
c:\users\skele\desktop\projects\mis_unused\sdl_opengl\x64\debug\sdl_opengl.pdb
c:\users\skele\desktop\projects\mis_unused\sdl_opengl\sdl_opengl\x64\debug\sdl_opengl.tlog\cl.command.1.tlog
c:\users\skele\desktop\projects\mis_unused\sdl_opengl\sdl_opengl\x64\debug\sdl_opengl.tlog\cl.items.tlog
c:\users\skele\desktop\projects\mis_unused\sdl_opengl\sdl_opengl\x64\debug\sdl_opengl.tlog\cl.read.1.tlog
c:\users\skele\desktop\projects\mis_unused\sdl_opengl\sdl_opengl\x64\debug\sdl_opengl.tlog\cl.write.1.tlog
c:\users\skele\desktop\projects\mis_unused\sdl_opengl\sdl_opengl\x64\debug\sdl_opengl.tlog\link-cvtres.read.1.tlog
c:\users\skele\desktop\projects\mis_unused\sdl_opengl\sdl_opengl\x64\debug\sdl_opengl.tlog\link-cvtres.write.1.tlog
c:\users\skele\desktop\projects\mis_unused\sdl_opengl\sdl_opengl\x64\debug\sdl_opengl.tlog\link-rc.read.1.tlog
c:\users\skele\desktop\projects\mis_unused\sdl_opengl\sdl_opengl\x64\debug\sdl_opengl.tlog\link-rc.write.1.tlog
c:\users\skele\desktop\projects\mis_unused\sdl_opengl\sdl_opengl\x64\debug\sdl_opengl.tlog\link.26728-cvtres.read.1.tlog
c:\users\skele\desktop\projects\mis_unused\sdl_opengl\sdl_opengl\x64\debug\sdl_opengl.tlog\link.26728-cvtres.write.1.tlog
c:\users\skele\desktop\projects\mis_unused\sdl_opengl\sdl_opengl\x64\debug\sdl_opengl.tlog\link.26728-rc.read.1.tlog
c:\users\skele\desktop\projects\mis_unused\sdl_opengl\sdl_opengl\x64\debug\sdl_opengl.tlog\link.26728-rc.write.1.tlog
c:\users\skele\desktop\projects\mis_unused\sdl_opengl\sdl_opengl\x64\debug\sdl_opengl.tlog\link.26728.read.1.tlog
c:\users\skele\desktop\projects\mis_unused\sdl_opengl\sdl_opengl\x64\debug\sdl_opengl.tlog\link.26728.read.2.tlog
c:\users\skele\desktop\projects\mis_unused\sdl_opengl\sdl_opengl\x64\debug\sdl_opengl.tlog\link.26728.read.3.tlog
c:\users\skele\desktop\projects\mis_unused\sdl_opengl\sdl_opengl\x64\debug\sdl_opengl.tlog\link.26728.read.4.tlog
c:\users\skele\desktop\projects\mis_unused\sdl_opengl\sdl_opengl\x64\debug\sdl_opengl.tlog\link.26728.write.1.tlog
c:\users\skele\desktop\projects\mis_unused\sdl_opengl\sdl_opengl\x64\debug\sdl_opengl.tlog\link.command.1.tlog
c:\users\skele\desktop\projects\mis_unused\sdl_opengl\sdl_opengl\x64\debug\sdl_opengl.tlog\link.read.1.tlog
c:\users\skele\desktop\projects\mis_unused\sdl_opengl\sdl_opengl\x64\debug\sdl_opengl.tlog\link.read.2.tlog
c:\users\skele\desktop\projects\mis_unused\sdl_opengl\sdl_opengl\x64\debug\sdl_opengl.tlog\link.read.3.tlog
c:\users\skele\desktop\projects\mis_unused\sdl_opengl\sdl_opengl\x64\debug\sdl_opengl.tlog\link.read.4.tlog
c:\users\skele\desktop\projects\mis_unused\sdl_opengl\sdl_opengl\x64\debug\sdl_opengl.tlog\link.read.5.tlog
c:\users\skele\desktop\projects\mis_unused\sdl_opengl\sdl_opengl\x64\debug\sdl_opengl.tlog\link.write.1.tlog
